2026-04-19 15:28:13,149 INFO [casanovo/MainProcess] utils.log_system_info : ======= System Information =======
2026-04-19 15:28:13,150 INFO [casanovo/MainProcess] utils.log_system_info : Executed Command: /Users/litheeshvr/Downloads/Deep Learning Project S26/.venv/bin/casanovo sequence --model casanovo_v5_0_0.ckpt --output_dir casanovo_outputs --output_root casanovo_EV1_predictions --force_overwrite Ecoli_EV_1.mzML
2026-04-19 15:28:13,150 INFO [casanovo/MainProcess] utils.log_system_info : Host Machine: Litheeshs-MacBook-Air.local
2026-04-19 15:28:13,150 INFO [casanovo/MainProcess] utils.log_system_info : OS: Darwin
2026-04-19 15:28:13,150 INFO [casanovo/MainProcess] utils.log_system_info : OS Version: Darwin Kernel Version 25.4.0: Thu Mar 19 19:31:09 PDT 2026; root:xnu-12377.101.15~1/RELEASE_ARM64_T8132
2026-04-19 15:28:13,150 INFO [casanovo/MainProcess] utils.log_system_info : Python Version: 3.13.7
2026-04-19 15:28:13,150 INFO [casanovo/MainProcess] utils.log_system_info : Casanovo Version: 5.1.2
2026-04-19 15:28:13,150 INFO [casanovo/MainProcess] utils.log_system_info : Depthcharge Version: 0.4.9
2026-04-19 15:28:13,150 INFO [casanovo/MainProcess] utils.log_system_info : PyTorch Version: 2.11.0
2026-04-19 15:28:13,153 WARNING [casanovo/MainProcess] config.__init__ : accelerator='auto' will be overwritten to 'cpu' on Apple Silicon devices due to incompatibility with MPS accelerators.
Note: If you want to use a different accelerator (other than MPS), please specify it explicitly in the config file.
2026-04-19 15:28:13,157 INFO [casanovo/MainProcess] casanovo.setup_model : Casanovo version 5.1.2
2026-04-19 15:28:13,157 DEBUG [casanovo/MainProcess] casanovo.setup_model : model = casanovo_v5_0_0.ckpt
2026-04-19 15:28:13,157 DEBUG [casanovo/MainProcess] casanovo.setup_model : config = default
2026-04-19 15:28:13,157 DEBUG [casanovo/MainProcess] casanovo.setup_model : output directory = /Users/litheeshvr/Downloads/Deep Learning Project S26/casanovo_outputs
2026-04-19 15:28:13,157 DEBUG [casanovo/MainProcess] casanovo.setup_model : output root name = casanovo_EV1_predictions
2026-04-19 15:28:13,157 DEBUG [casanovo/MainProcess] casanovo.setup_model : precursor_mass_tol = 50.0
2026-04-19 15:28:13,157 DEBUG [casanovo/MainProcess] casanovo.setup_model : isotope_error_range = (0, 1)
2026-04-19 15:28:13,157 DEBUG [casanovo/MainProcess] casanovo.setup_model : min_peptide_len = 6
2026-04-19 15:28:13,157 DEBUG [casanovo/MainProcess] casanovo.setup_model : max_peptide_len = 100
2026-04-19 15:28:13,157 DEBUG [casanovo/MainProcess] casanovo.setup_model : predict_batch_size = 1024
2026-04-19 15:28:13,157 DEBUG [casanovo/MainProcess] casanovo.setup_model : top_match = 1
2026-04-19 15:28:13,157 DEBUG [casanovo/MainProcess] casanovo.setup_model : accelerator = cpu
2026-04-19 15:28:13,157 DEBUG [casanovo/MainProcess] casanovo.setup_model : devices = None
2026-04-19 15:28:13,157 DEBUG [casanovo/MainProcess] casanovo.setup_model : n_beams = 1
2026-04-19 15:28:13,157 DEBUG [casanovo/MainProcess] casanovo.setup_model : enzyme = trypsin
2026-04-19 15:28:13,157 DEBUG [casanovo/MainProcess] casanovo.setup_model : digestion = full
2026-04-19 15:28:13,157 DEBUG [casanovo/MainProcess] casanovo.setup_model : missed_cleavages = 0
2026-04-19 15:28:13,157 DEBUG [casanovo/MainProcess] casanovo.setup_model : max_mods = 1
2026-04-19 15:28:13,157 DEBUG [casanovo/MainProcess] casanovo.setup_model : allowed_fixed_mods = C:C[Carbamidomethyl]
2026-04-19 15:28:13,157 DEBUG [casanovo/MainProcess] casanovo.setup_model : allowed_var_mods = M:M[Oxidation],N:N[Deamidated],Q:Q[Deamidated],nterm:[Acetyl]-,nterm:[Carbamyl]-,nterm:[Ammonia-loss]-,nterm:[+25.980265]-
2026-04-19 15:28:13,157 DEBUG [casanovo/MainProcess] casanovo.setup_model : random_seed = 454
2026-04-19 15:28:13,157 DEBUG [casanovo/MainProcess] casanovo.setup_model : n_log = 1
2026-04-19 15:28:13,157 DEBUG [casanovo/MainProcess] casanovo.setup_model : tb_summarywriter = False
2026-04-19 15:28:13,157 DEBUG [casanovo/MainProcess] casanovo.setup_model : log_metrics = False
2026-04-19 15:28:13,157 DEBUG [casanovo/MainProcess] casanovo.setup_model : log_every_n_steps = 50
2026-04-19 15:28:13,157 DEBUG [casanovo/MainProcess] casanovo.setup_model : lance_dir = None
2026-04-19 15:28:13,157 DEBUG [casanovo/MainProcess] casanovo.setup_model : val_check_interval = 50000
2026-04-19 15:28:13,157 DEBUG [casanovo/MainProcess] casanovo.setup_model : min_peaks = 20
2026-04-19 15:28:13,157 DEBUG [casanovo/MainProcess] casanovo.setup_model : max_peaks = 150
2026-04-19 15:28:13,157 DEBUG [casanovo/MainProcess] casanovo.setup_model : min_mz = 50.0
2026-04-19 15:28:13,157 DEBUG [casanovo/MainProcess] casanovo.setup_model : max_mz = 2500.0
2026-04-19 15:28:13,157 DEBUG [casanovo/MainProcess] casanovo.setup_model : min_intensity = 0.01
2026-04-19 15:28:13,157 DEBUG [casanovo/MainProcess] casanovo.setup_model : remove_precursor_tol = 2.0
2026-04-19 15:28:13,157 DEBUG [casanovo/MainProcess] casanovo.setup_model : max_charge = 4
2026-04-19 15:28:13,157 DEBUG [casanovo/MainProcess] casanovo.setup_model : dim_model = 512
2026-04-19 15:28:13,157 DEBUG [casanovo/MainProcess] casanovo.setup_model : n_head = 8
2026-04-19 15:28:13,157 DEBUG [casanovo/MainProcess] casanovo.setup_model : dim_feedforward = 1024
2026-04-19 15:28:13,157 DEBUG [casanovo/MainProcess] casanovo.setup_model : n_layers = 9
2026-04-19 15:28:13,157 DEBUG [casanovo/MainProcess] casanovo.setup_model : dropout = 0.0
2026-04-19 15:28:13,157 DEBUG [casanovo/MainProcess] casanovo.setup_model : dim_intensity = None
2026-04-19 15:28:13,157 DEBUG [casanovo/MainProcess] casanovo.setup_model : warmup_iters = 100000
2026-04-19 15:28:13,157 DEBUG [casanovo/MainProcess] casanovo.setup_model : cosine_schedule_period_iters = 600000
2026-04-19 15:28:13,157 DEBUG [casanovo/MainProcess] casanovo.setup_model : learning_rate = 0.0005
2026-04-19 15:28:13,157 DEBUG [casanovo/MainProcess] casanovo.setup_model : weight_decay = 1e-05
2026-04-19 15:28:13,157 DEBUG [casanovo/MainProcess] casanovo.setup_model : train_label_smoothing = 0.01
2026-04-19 15:28:13,157 DEBUG [casanovo/MainProcess] casanovo.setup_model : train_batch_size = 32
2026-04-19 15:28:13,157 DEBUG [casanovo/MainProcess] casanovo.setup_model : max_epochs = 30
2026-04-19 15:28:13,157 DEBUG [casanovo/MainProcess] casanovo.setup_model : shuffle = True
2026-04-19 15:28:13,157 DEBUG [casanovo/MainProcess] casanovo.setup_model : shuffle_buffer_size = 10000
2026-04-19 15:28:13,157 DEBUG [casanovo/MainProcess] casanovo.setup_model : num_sanity_val_steps = 0
2026-04-19 15:28:13,157 DEBUG [casanovo/MainProcess] casanovo.setup_model : calculate_precision = False
2026-04-19 15:28:13,157 DEBUG [casanovo/MainProcess] casanovo.setup_model : accumulate_grad_batches = 1
2026-04-19 15:28:13,157 DEBUG [casanovo/MainProcess] casanovo.setup_model : gradient_clip_val = None
2026-04-19 15:28:13,157 DEBUG [casanovo/MainProcess] casanovo.setup_model : gradient_clip_algorithm = None
2026-04-19 15:28:13,157 DEBUG [casanovo/MainProcess] casanovo.setup_model : precision = 32-true
2026-04-19 15:28:13,157 DEBUG [casanovo/MainProcess] casanovo.setup_model : replace_isoleucine_with_leucine = True
2026-04-19 15:28:13,157 DEBUG [casanovo/MainProcess] casanovo.setup_model : massivekb_tokenizer = False
2026-04-19 15:28:13,157 DEBUG [casanovo/MainProcess] casanovo.setup_model : residues = {'G': 57.021464, 'A': 71.037114, 'S': 87.032028, 'P': 97.052764, 'V': 99.068414, 'T': 101.04767, 'C[Carbamidomethyl]': 160.030649, 'L': 113.084064, 'I': 113.084064, 'N': 114.042927, 'D': 115.026943, 'Q': 128.058578, 'K': 128.094963, 'E': 129.042593, 'M': 131.040485, 'H': 137.058912, 'F': 147.068414, 'R': 156.101111, 'Y': 163.063329, 'W': 186.079313, 'M[Oxidation]': 147.0354, 'N[Deamidated]': 115.026943, 'Q[Deamidated]': 129.042594, '[Acetyl]-': 42.010565, '[Carbamyl]-': 43.005814, '[Ammonia-loss]-': -17.026549, '[+25.980265]-': 25.980265}
2026-04-19 15:28:13,157 DEBUG [casanovo/MainProcess] casanovo.setup_model : n_workers = 0
2026-04-19 15:28:13,158 INFO [casanovo/MainProcess] casanovo.sequence : Sequencing peptides from:
2026-04-19 15:28:13,158 INFO [casanovo/MainProcess] casanovo.sequence :   Ecoli_EV_1.mzML
2026-04-19 15:28:13,193 WARNING [py.warnings/MainProcess] warnings._showwarnmsg : /Users/litheeshvr/Downloads/Deep Learning Project S26/.venv/lib/python3.13/site-packages/lightning/pytorch/trainer/setup.py:175: GPU available but not used. You can set it by doing `Trainer(accelerator='gpu')`.

2026-04-19 15:28:13,193 WARNING [py.warnings/MainProcess] warnings._showwarnmsg : /Users/litheeshvr/Downloads/Deep Learning Project S26/.venv/lib/python3.13/site-packages/lightning/pytorch/trainer/setup.py:175: GPU available but not used. You can set it by doing `Trainer(accelerator='gpu')`.

2026-04-19 15:28:13,193 WARNING [casanovo/MainProcess] model_runner.initialize_tokenizer : Configured residue(s) not in model alphabet: M[Oxidation], C[Carbamidomethyl], [Carbamyl]-, [+25.980265]-, Q[Deamidated], [Ammonia-loss]-, N[Deamidated], [Acetyl]-
2026-04-19 15:28:13,464 WARNING [py.warnings/MainProcess] warnings._showwarnmsg : UserWarning: Mismatching tokenizer parameter in model checkpoint (<depthcharge.tokenizers.peptides.MskbPeptideTokenizer object at 0x13a0006e0>) vs config file (<depthcharge.tokenizers.peptides.PeptideTokenizer object at 0x1370b7770>); using the checkpoint.
2026-04-19 15:28:13,464 WARNING [py.warnings/MainProcess] warnings._showwarnmsg : UserWarning: Mismatching tokenizer parameter in model checkpoint (<depthcharge.tokenizers.peptides.MskbPeptideTokenizer object at 0x13a0006e0>) vs config file (<depthcharge.tokenizers.peptides.PeptideTokenizer object at 0x1370b7770>); using the checkpoint.
2026-04-19 15:28:26,566 WARNING [py.warnings/MainProcess] warnings._showwarnmsg : UserWarning: Skipped 37 spectra with invalid information.Last error was: 
 Invalid precursor charge.
2026-04-19 15:28:26,566 WARNING [py.warnings/MainProcess] warnings._showwarnmsg : UserWarning: Skipped 37 spectra with invalid information.Last error was: 
 Invalid precursor charge.
2026-04-19 15:28:26,583 WARNING [py.warnings/MainProcess] warnings._showwarnmsg : /Users/litheeshvr/Downloads/Deep Learning Project S26/.venv/lib/python3.13/site-packages/lightning/pytorch/utilities/_pytree.py:21: `isinstance(treespec, LeafSpec)` is deprecated, use `isinstance(treespec, TreeSpec) and treespec.is_leaf()` instead.

2026-04-19 15:28:26,583 WARNING [py.warnings/MainProcess] warnings._showwarnmsg : /Users/litheeshvr/Downloads/Deep Learning Project S26/.venv/lib/python3.13/site-packages/lightning/pytorch/utilities/_pytree.py:21: `isinstance(treespec, LeafSpec)` is deprecated, use `isinstance(treespec, TreeSpec) and treespec.is_leaf()` instead.

2026-04-19 15:28:26,584 WARNING [py.warnings/MainProcess] warnings._showwarnmsg : UserWarning: 'pin_memory' argument is set as true but not supported on MPS now, device pinned memory won't be used.
2026-04-19 15:28:26,584 WARNING [py.warnings/MainProcess] warnings._showwarnmsg : UserWarning: 'pin_memory' argument is set as true but not supported on MPS now, device pinned memory won't be used.
2026-04-19 15:36:11,115 INFO [casanovo/MainProcess] utils.log_run_report : ======= End of Run Report =======
2026-04-19 15:36:11,116 INFO [casanovo/MainProcess] utils.log_run_report : Run Start Time: 26/04/19 15:28:13
2026-04-19 15:36:11,116 INFO [casanovo/MainProcess] utils.log_run_report : Run End Time: 26/04/19 15:36:11
2026-04-19 15:36:11,116 INFO [casanovo/MainProcess] utils.log_run_report : Time Elapsed: 0:07:57.965498
2026-04-19 15:36:32,931 INFO [casanovo/MainProcess] utils.log_annotate_report : Sequenced 10842 spectra
2026-04-19 15:36:32,931 INFO [casanovo/MainProcess] utils.log_annotate_report : Score Distribution:
2026-04-19 15:36:32,931 INFO [casanovo/MainProcess] utils.log_annotate_report : 2460 spectra (22.69%) scored ≥ 0.00
2026-04-19 15:36:32,931 INFO [casanovo/MainProcess] utils.log_annotate_report : 1035 spectra (9.55%) scored ≥ 0.50
2026-04-19 15:36:32,931 INFO [casanovo/MainProcess] utils.log_annotate_report : 84 spectra (0.77%) scored ≥ 0.90
2026-04-19 15:36:32,931 INFO [casanovo/MainProcess] utils.log_annotate_report : 0 spectra (0.00%) scored ≥ 0.95
2026-04-19 15:36:32,931 INFO [casanovo/MainProcess] utils.log_annotate_report : 0 spectra (0.00%) scored ≥ 0.99
2026-04-19 15:36:32,931 INFO [casanovo/MainProcess] utils.log_annotate_report : Min Peptide Length: 5
2026-04-19 15:36:32,931 INFO [casanovo/MainProcess] utils.log_annotate_report : Max Peptide Length: 52
2026-04-19 15:36:32,931 INFO [casanovo/MainProcess] utils.log_annotate_report : Median Peptide Length: 13
